<?xml version="1.0" encoding="UTF-8"?>
<testng-results ignored="0" total="8" passed="7" failed="1" skipped="0">
  <reporter-output>
  </reporter-output>
  <suite started-at="2025-11-03T00:56:48 IST" name="Default suite" finished-at="2025-11-03T00:58:38 IST" duration-ms="110385">
    <groups>
    </groups>
    <test started-at="2025-11-03T00:56:48 IST" name="Default test" finished-at="2025-11-03T00:58:38 IST" duration-ms="110385">
      <class name="OrangeHRMAutomation.OrangeHRtest">
        <test-method is-config="true" signature="setupMethod()[pri:0, instance:OrangeHRMAutomation.OrangeHRtest@75d4a5c2]" started-at="2025-11-03T00:56:48 IST" name="setupMethod" finished-at="2025-11-03T00:56:58 IST" duration-ms="9673" status="PASS">
          <reporter-output>
          </reporter-output>
        </test-method> <!-- setupMethod -->
        <test-method signature="TestLogin()[pri:1, instance:OrangeHRMAutomation.OrangeHRtest@75d4a5c2]" started-at="2025-11-03T00:56:58 IST" name="TestLogin" finished-at="2025-11-03T00:56:58 IST" duration-ms="808" status="PASS">
          <reporter-output>
          </reporter-output>
        </test-method> <!-- TestLogin -->
        <test-method is-config="true" signature="TakeScreenshotandTearDown(org.testng.ITestResult)[pri:0, instance:OrangeHRMAutomation.OrangeHRtest@75d4a5c2]" started-at="2025-11-03T00:56:58 IST" name="TakeScreenshotandTearDown" finished-at="2025-11-03T00:57:00 IST" duration-ms="1645" status="PASS">
          <params>
            <param index="0">
              <value>
                <![CDATA[[TestResult name=TestLogin status=SUCCESS method=OrangeHRtest.TestLogin()[pri:1, instance:OrangeHRMAutomation.OrangeHRtest@75d4a5c2] output={null}]]]>
              </value>
            </param>
          </params>
          <reporter-output>
          </reporter-output>
        </test-method> <!-- TakeScreenshotandTearDown -->
        <test-method is-config="true" signature="setupMethod()[pri:0, instance:OrangeHRMAutomation.OrangeHRtest@75d4a5c2]" started-at="2025-11-03T00:57:00 IST" name="setupMethod" finished-at="2025-11-03T00:57:09 IST" duration-ms="9075" status="PASS">
          <reporter-output>
          </reporter-output>
        </test-method> <!-- setupMethod -->
        <test-method signature="viewDashboard()[pri:2, instance:OrangeHRMAutomation.OrangeHRtest@75d4a5c2]" started-at="2025-11-03T00:57:09 IST" name="viewDashboard" finished-at="2025-11-03T00:57:14 IST" duration-ms="4657" status="PASS">
          <reporter-output>
          </reporter-output>
        </test-method> <!-- viewDashboard -->
        <test-method is-config="true" signature="TakeScreenshotandTearDown(org.testng.ITestResult)[pri:0, instance:OrangeHRMAutomation.OrangeHRtest@75d4a5c2]" started-at="2025-11-03T00:57:14 IST" name="TakeScreenshotandTearDown" finished-at="2025-11-03T00:57:16 IST" duration-ms="2390" status="PASS">
          <params>
            <param index="0">
              <value>
                <![CDATA[[TestResult name=viewDashboard status=SUCCESS method=OrangeHRtest.viewDashboard()[pri:2, instance:OrangeHRMAutomation.OrangeHRtest@75d4a5c2] output={null}]]]>
              </value>
            </param>
          </params>
          <reporter-output>
          </reporter-output>
        </test-method> <!-- TakeScreenshotandTearDown -->
        <test-method is-config="true" signature="setupMethod()[pri:0, instance:OrangeHRMAutomation.OrangeHRtest@75d4a5c2]" started-at="2025-11-03T00:57:16 IST" name="setupMethod" finished-at="2025-11-03T00:57:26 IST" duration-ms="10219" status="PASS">
          <reporter-output>
          </reporter-output>
        </test-method> <!-- setupMethod -->
        <test-method signature="invalidLoginIncorrectID()[pri:3, instance:OrangeHRMAutomation.OrangeHRtest@75d4a5c2]" started-at="2025-11-03T00:57:26 IST" name="invalidLoginIncorrectID" finished-at="2025-11-03T00:57:31 IST" duration-ms="4585" status="PASS">
          <reporter-output>
          </reporter-output>
        </test-method> <!-- invalidLoginIncorrectID -->
        <test-method is-config="true" signature="TakeScreenshotandTearDown(org.testng.ITestResult)[pri:0, instance:OrangeHRMAutomation.OrangeHRtest@75d4a5c2]" started-at="2025-11-03T00:57:31 IST" name="TakeScreenshotandTearDown" finished-at="2025-11-03T00:57:33 IST" duration-ms="1736" status="PASS">
          <params>
            <param index="0">
              <value>
                <![CDATA[[TestResult name=invalidLoginIncorrectID status=SUCCESS method=OrangeHRtest.invalidLoginIncorrectID()[pri:3, instance:OrangeHRMAutomation.OrangeHRtest@75d4a5c2] output={null}]]]>
              </value>
            </param>
          </params>
          <reporter-output>
          </reporter-output>
        </test-method> <!-- TakeScreenshotandTearDown -->
        <test-method is-config="true" signature="setupMethod()[pri:0, instance:OrangeHRMAutomation.OrangeHRtest@75d4a5c2]" started-at="2025-11-03T00:57:33 IST" name="setupMethod" finished-at="2025-11-03T00:57:39 IST" duration-ms="6704" status="PASS">
          <reporter-output>
          </reporter-output>
        </test-method> <!-- setupMethod -->
        <test-method signature="invalidLoginIncorrectPass()[pri:4, instance:OrangeHRMAutomation.OrangeHRtest@75d4a5c2]" started-at="2025-11-03T00:57:39 IST" name="invalidLoginIncorrectPass" finished-at="2025-11-03T00:57:42 IST" duration-ms="3014" status="PASS">
          <reporter-output>
          </reporter-output>
        </test-method> <!-- invalidLoginIncorrectPass -->
        <test-method is-config="true" signature="TakeScreenshotandTearDown(org.testng.ITestResult)[pri:0, instance:OrangeHRMAutomation.OrangeHRtest@75d4a5c2]" started-at="2025-11-03T00:57:42 IST" name="TakeScreenshotandTearDown" finished-at="2025-11-03T00:57:44 IST" duration-ms="1634" status="PASS">
          <params>
            <param index="0">
              <value>
                <![CDATA[[TestResult name=invalidLoginIncorrectPass status=SUCCESS method=OrangeHRtest.invalidLoginIncorrectPass()[pri:4, instance:OrangeHRMAutomation.OrangeHRtest@75d4a5c2] output={null}]]]>
              </value>
            </param>
          </params>
          <reporter-output>
          </reporter-output>
        </test-method> <!-- TakeScreenshotandTearDown -->
        <test-method is-config="true" signature="setupMethod()[pri:0, instance:OrangeHRMAutomation.OrangeHRtest@75d4a5c2]" started-at="2025-11-03T00:57:44 IST" name="setupMethod" finished-at="2025-11-03T00:57:52 IST" duration-ms="7529" status="PASS">
          <reporter-output>
          </reporter-output>
        </test-method> <!-- setupMethod -->
        <test-method signature="emptyUseridPassword()[pri:5, instance:OrangeHRMAutomation.OrangeHRtest@75d4a5c2]" started-at="2025-11-03T00:57:52 IST" name="emptyUseridPassword" finished-at="2025-11-03T00:57:52 IST" duration-ms="672" status="FAIL">
          <exception class="java.lang.IllegalArgumentException">
            <message>
              <![CDATA[Keys to send should be a not null CharSequence]]>
            </message>
            <full-stacktrace>
              <![CDATA[java.lang.IllegalArgumentException: Keys to send should be a not null CharSequence
at org.openqa.selenium.remote.RemoteWebElement.sendKeys(RemoteWebElement.java:96)
at java.base/jdk.internal.reflect.NativeMethodAccessorImpl.invoke0(Native Method)
at java.base/jdk.internal.reflect.NativeMethodAccessorImpl.invoke(NativeMethodAccessorImpl.java:77)
at java.base/jdk.internal.reflect.DelegatingMethodAccessorImpl.invoke(DelegatingMethodAccessorImpl.java:43)
at java.base/java.lang.reflect.Method.invoke(Method.java:569)
at org.openqa.selenium.support.pagefactory.internal.LocatingElementHandler.invoke(LocatingElementHandler.java:51)
at jdk.proxy2/jdk.proxy2.$Proxy12.sendKeys(Unknown Source)
at OrangeHRMAutomation.LoginPage.loginUser(LoginPage.java:29)
at OrangeHRMAutomation.OrangeHRtest.emptyUseridPassword(OrangeHRtest.java:46)
at java.base/jdk.internal.reflect.NativeMethodAccessorImpl.invoke0(Native Method)
at java.base/jdk.internal.reflect.NativeMethodAccessorImpl.invoke(NativeMethodAccessorImpl.java:77)
at java.base/jdk.internal.reflect.DelegatingMethodAccessorImpl.invoke(DelegatingMethodAccessorImpl.java:43)
at java.base/java.lang.reflect.Method.invoke(Method.java:569)
at org.testng.internal.invokers.MethodInvocationHelper.invokeMethod(MethodInvocationHelper.java:141)
at org.testng.internal.invokers.TestInvoker.invokeMethod(TestInvoker.java:687)
at org.testng.internal.invokers.TestInvoker.invokeTestMethod(TestInvoker.java:230)
at org.testng.internal.invokers.MethodRunner.runInSequence(MethodRunner.java:63)
at org.testng.internal.invokers.TestInvoker$MethodInvocationAgent.invoke(TestInvoker.java:995)
at org.testng.internal.invokers.TestInvoker.invokeTestMethods(TestInvoker.java:203)
at org.testng.internal.invokers.TestMethodWorker.invokeTestMethods(TestMethodWorker.java:154)
at org.testng.internal.invokers.TestMethodWorker.run(TestMethodWorker.java:134)
at java.base/java.util.ArrayList.forEach(ArrayList.java:1511)
at org.testng.TestRunner.privateRun(TestRunner.java:741)
at org.testng.TestRunner.run(TestRunner.java:616)
at org.testng.SuiteRunner.runTest(SuiteRunner.java:421)
at org.testng.SuiteRunner.runSequentially(SuiteRunner.java:413)
at org.testng.SuiteRunner.privateRun(SuiteRunner.java:373)
at org.testng.SuiteRunner.run(SuiteRunner.java:312)
at org.testng.SuiteRunnerWorker.runSuite(SuiteRunnerWorker.java:52)
at org.testng.SuiteRunnerWorker.run(SuiteRunnerWorker.java:95)
at org.testng.TestNG.runSuitesSequentially(TestNG.java:1274)
at org.testng.TestNG.runSuitesLocally(TestNG.java:1208)
at org.testng.TestNG.runSuites(TestNG.java:1112)
at org.testng.TestNG.run(TestNG.java:1079)
at org.testng.remote.AbstractRemoteTestNG.run(AbstractRemoteTestNG.java:115)
at org.testng.remote.RemoteTestNG.initAndRun(RemoteTestNG.java:293)
at org.testng.remote.RemoteTestNG.main(RemoteTestNG.java:91)
]]>
            </full-stacktrace>
          </exception> <!-- java.lang.IllegalArgumentException -->
          <reporter-output>
          </reporter-output>
        </test-method> <!-- emptyUseridPassword -->
        <test-method is-config="true" signature="TakeScreenshotandTearDown(org.testng.ITestResult)[pri:0, instance:OrangeHRMAutomation.OrangeHRtest@75d4a5c2]" started-at="2025-11-03T00:57:52 IST" name="TakeScreenshotandTearDown" finished-at="2025-11-03T00:57:54 IST" duration-ms="1707" status="PASS">
          <params>
            <param index="0">
              <value>
                <![CDATA[[TestResult name=emptyUseridPassword status=FAILURE method=OrangeHRtest.emptyUseridPassword()[pri:5, instance:OrangeHRMAutomation.OrangeHRtest@75d4a5c2] output={null}]]]>
              </value>
            </param>
          </params>
          <reporter-output>
          </reporter-output>
        </test-method> <!-- TakeScreenshotandTearDown -->
        <test-method is-config="true" signature="setupMethod()[pri:0, instance:OrangeHRMAutomation.OrangeHRtest@75d4a5c2]" started-at="2025-11-03T00:57:54 IST" name="setupMethod" finished-at="2025-11-03T00:58:01 IST" duration-ms="7437" status="PASS">
          <reporter-output>
          </reporter-output>
        </test-method> <!-- setupMethod -->
        <test-method signature="ResetPassword()[pri:6, instance:OrangeHRMAutomation.OrangeHRtest@75d4a5c2]" started-at="2025-11-03T00:58:01 IST" name="ResetPassword" finished-at="2025-11-03T00:58:04 IST" duration-ms="2989" status="PASS">
          <reporter-output>
          </reporter-output>
        </test-method> <!-- ResetPassword -->
        <test-method is-config="true" signature="TakeScreenshotandTearDown(org.testng.ITestResult)[pri:0, instance:OrangeHRMAutomation.OrangeHRtest@75d4a5c2]" started-at="2025-11-03T00:58:04 IST" name="TakeScreenshotandTearDown" finished-at="2025-11-03T00:58:06 IST" duration-ms="1655" status="PASS">
          <params>
            <param index="0">
              <value>
                <![CDATA[[TestResult name=ResetPassword status=SUCCESS method=OrangeHRtest.ResetPassword()[pri:6, instance:OrangeHRMAutomation.OrangeHRtest@75d4a5c2] output={null}]]]>
              </value>
            </param>
          </params>
          <reporter-output>
          </reporter-output>
        </test-method> <!-- TakeScreenshotandTearDown -->
        <test-method is-config="true" signature="setupMethod()[pri:0, instance:OrangeHRMAutomation.OrangeHRtest@75d4a5c2]" started-at="2025-11-03T00:58:06 IST" name="setupMethod" finished-at="2025-11-03T00:58:18 IST" duration-ms="11624" status="PASS">
          <reporter-output>
          </reporter-output>
        </test-method> <!-- setupMethod -->
        <test-method signature="CheckFrgotUrl()[pri:7, instance:OrangeHRMAutomation.OrangeHRtest@75d4a5c2]" started-at="2025-11-03T00:58:18 IST" name="CheckFrgotUrl" finished-at="2025-11-03T00:58:22 IST" duration-ms="3967" status="PASS">
          <reporter-output>
          </reporter-output>
        </test-method> <!-- CheckFrgotUrl -->
        <test-method is-config="true" signature="TakeScreenshotandTearDown(org.testng.ITestResult)[pri:0, instance:OrangeHRMAutomation.OrangeHRtest@75d4a5c2]" started-at="2025-11-03T00:58:22 IST" name="TakeScreenshotandTearDown" finished-at="2025-11-03T00:58:23 IST" duration-ms="1572" status="PASS">
          <params>
            <param index="0">
              <value>
                <![CDATA[[TestResult name=CheckFrgotUrl status=SUCCESS method=OrangeHRtest.CheckFrgotUrl()[pri:7, instance:OrangeHRMAutomation.OrangeHRtest@75d4a5c2] output={null}]]]>
              </value>
            </param>
          </params>
          <reporter-output>
          </reporter-output>
        </test-method> <!-- TakeScreenshotandTearDown -->
        <test-method is-config="true" signature="setupMethod()[pri:0, instance:OrangeHRMAutomation.OrangeHRtest@75d4a5c2]" started-at="2025-11-03T00:58:23 IST" name="setupMethod" finished-at="2025-11-03T00:58:31 IST" duration-ms="8010" status="PASS">
          <reporter-output>
          </reporter-output>
        </test-method> <!-- setupMethod -->
        <test-method signature="clickCancelBtn()[pri:8, instance:OrangeHRMAutomation.OrangeHRtest@75d4a5c2]" started-at="2025-11-03T00:58:31 IST" name="clickCancelBtn" finished-at="2025-11-03T00:58:37 IST" duration-ms="5332" status="PASS">
          <reporter-output>
          </reporter-output>
        </test-method> <!-- clickCancelBtn -->
        <test-method is-config="true" signature="TakeScreenshotandTearDown(org.testng.ITestResult)[pri:0, instance:OrangeHRMAutomation.OrangeHRtest@75d4a5c2]" started-at="2025-11-03T00:58:37 IST" name="TakeScreenshotandTearDown" finished-at="2025-11-03T00:58:38 IST" duration-ms="1641" status="PASS">
          <params>
            <param index="0">
              <value>
                <![CDATA[[TestResult name=clickCancelBtn status=SUCCESS method=OrangeHRtest.clickCancelBtn()[pri:8, instance:OrangeHRMAutomation.OrangeHRtest@75d4a5c2] output={null}]]]>
              </value>
            </param>
          </params>
          <reporter-output>
          </reporter-output>
        </test-method> <!-- TakeScreenshotandTearDown -->
      </class> <!-- OrangeHRMAutomation.OrangeHRtest -->
    </test> <!-- Default test -->
  </suite> <!-- Default suite -->
</testng-results>
